[DEBUG] 2019-02-28 23:56:31.516 [main] TestBase - Config file loaded
[DEBUG] 2019-02-28 23:56:31.520 [main] TestBase - OR file loaded
[DEBUG] 2019-02-28 23:56:34.225 [main] TestBase - chrome lauched!!!
[DEBUG] 2019-02-28 23:56:36.009 [main] TestBase - Navigated to: http://www.way2automation.com/angularjs-protractor/banking/#/login
[DEBUG] 2019-02-28 23:56:37.200 [main] TestBase - Inside Login Test
[DEBUG] 2019-02-28 23:59:06.933 [main] TestBase - Config file loaded
[DEBUG] 2019-02-28 23:59:06.937 [main] TestBase - OR file loaded
[DEBUG] 2019-02-28 23:59:09.621 [main] TestBase - chrome lauched!!!
[DEBUG] 2019-02-28 23:59:11.437 [main] TestBase - Navigated to: http://www.way2automation.com/angularjs-protractor/banking/#/login
[DEBUG] 2019-02-28 23:59:12.623 [main] TestBase - Inside Login Test
[DEBUG] 2019-02-28 23:59:50.039 [main] TestBase - Test execution completed !!!
[DEBUG] 2019-04-29 15:17:40.222 [main] TestBase - Config file loaded
[DEBUG] 2019-04-29 15:17:40.229 [main] TestBase - OR file loaded
[DEBUG] 2019-04-29 15:17:44.289 [main] TestBase - chrome lauched!!!
[DEBUG] 2019-04-29 15:17:46.623 [main] TestBase - Navigated to: http://www.way2automation.com/angularjs-protractor/banking/#/login
[DEBUG] 2019-04-29 15:17:58.592 [main] TestBase - Test execution completed !!!
[DEBUG] 2019-04-29 15:19:05.133 [main] TestBase - Config file loaded
[DEBUG] 2019-04-29 15:19:05.135 [main] TestBase - OR file loaded
[DEBUG] 2019-04-29 15:19:07.787 [main] TestBase - chrome lauched!!!
[DEBUG] 2019-04-29 15:19:09.785 [main] TestBase - Navigated to: http://www.way2automation.com/angularjs-protractor/banking/#/login
[DEBUG] 2019-04-29 15:19:15.297 [main] TestBase - Test execution completed !!!
[DEBUG] 2019-04-30 10:41:52.911 [main] TestBase - Config file loaded
[DEBUG] 2019-04-30 10:41:52.919 [main] TestBase - OR file loaded
[DEBUG] 2019-04-30 10:41:56.850 [main] TestBase - chrome lauched!!!
[DEBUG] 2019-04-30 10:41:59.259 [main] TestBase - Navigated to: http://www.way2automation.com/angularjs-protractor/banking/#/login
[DEBUG] 2019-04-30 10:42:00.443 [main] TestBase - Inside Login Test
[DEBUG] 2019-04-30 10:42:03.038 [main] TestBase - Test execution completed !!!
[DEBUG] 2019-04-30 11:23:16.883 [main] TestBase - Config file loaded
[DEBUG] 2019-04-30 11:23:16.886 [main] TestBase - OR file loaded
[DEBUG] 2019-04-30 11:23:19.673 [main] TestBase - chrome lauched!!!
[DEBUG] 2019-04-30 11:23:21.917 [main] TestBase - Navigated to: http://www.way2automation.com/angularjs-protractor/banking/#/login
[DEBUG] 2019-04-30 11:23:23.098 [main] TestBase - Inside Login Test
[DEBUG] 2019-04-30 11:23:25.710 [main] TestBase - Test execution completed !!!
[DEBUG] 2019-05-06 12:31:57.672 [main] TestBase - Config file loaded
[DEBUG] 2019-05-06 12:31:57.676 [main] TestBase - OR file loaded
[DEBUG] 2019-05-06 12:40:50.408 [main] TestBase - Config file loaded
[DEBUG] 2019-05-06 12:40:50.411 [main] TestBase - OR file loaded
[DEBUG] 2019-05-06 12:49:32.777 [main] TestBase - Config file loaded
[DEBUG] 2019-05-06 12:49:32.780 [main] TestBase - OR file loaded
[DEBUG] 2019-05-06 13:39:09.350 [main] TestBase - Config file loaded
[DEBUG] 2019-05-06 13:39:09.353 [main] TestBase - OR file loaded
[DEBUG] 2019-05-06 13:46:14.763 [main] TestBase - Config file loaded
[DEBUG] 2019-05-06 13:46:14.766 [main] TestBase - OR file loaded
[DEBUG] 2019-05-06 14:11:41.396 [main] TestBase - Config file loaded
[DEBUG] 2019-05-06 14:11:41.396 [main] TestBase - OR file loaded
[DEBUG] 2019-05-06 15:43:08.380 [main] TestBase - Config file loaded
[DEBUG] 2019-05-06 15:43:08.380 [main] TestBase - OR file loaded
[DEBUG] 2019-05-07 15:22:14.122 [main] TestBase - Config file loaded
[DEBUG] 2019-05-07 15:22:14.122 [main] TestBase - OR file loaded
[DEBUG] 2019-05-07 15:22:18.436 [main] TestBase - Config file loaded
[DEBUG] 2019-05-07 15:22:18.436 [main] TestBase - OR file loaded
[DEBUG] 2019-05-07 15:22:35.877 [main] TestBase - Config file loaded
[DEBUG] 2019-05-07 15:22:35.880 [main] TestBase - OR file loaded
[DEBUG] 2019-05-07 15:23:16.484 [main] TestBase - Config file loaded
[DEBUG] 2019-05-07 15:23:16.486 [main] TestBase - OR file loaded
[DEBUG] 2019-05-07 15:24:22.401 [main] TestBase - Config file loaded
[DEBUG] 2019-05-07 15:24:22.401 [main] TestBase - OR file loaded
[DEBUG] 2019-05-07 21:55:16.997 [main] TestBase - Config file loaded
[DEBUG] 2019-05-07 21:55:17.003 [main] TestBase - OR file loaded
[DEBUG] 2019-05-07 22:59:40.465 [main] TestBase - Config file loaded
[DEBUG] 2019-05-07 22:59:40.469 [main] TestBase - OR file loaded
[DEBUG] 2019-05-07 23:01:08.713 [main] TestBase - Config file loaded
[DEBUG] 2019-05-07 23:01:08.716 [main] TestBase - OR file loaded
[DEBUG] 2019-05-07 23:10:18.961 [main] TestBase - Config file loaded
[DEBUG] 2019-05-07 23:10:18.965 [main] TestBase - OR file loaded
[DEBUG] 2019-05-07 23:10:34.553 [main] TestBase - Config file loaded
[DEBUG] 2019-05-07 23:10:34.557 [main] TestBase - OR file loaded
[DEBUG] 2019-05-07 23:20:17.542 [main] TestBase - Config file loaded
[DEBUG] 2019-05-07 23:20:17.546 [main] TestBase - OR file loaded
[DEBUG] 2019-05-07 23:21:08.641 [main] TestBase - Config file loaded
[DEBUG] 2019-05-07 23:21:08.644 [main] TestBase - OR file loaded
[DEBUG] 2019-05-07 23:26:57.782 [main] TestBase - Config file loaded
[DEBUG] 2019-05-07 23:26:57.784 [main] TestBase - OR file loaded
[DEBUG] 2019-05-07 23:27:00.729 [main] TestBase - chrome lauched!!!
[DEBUG] 2019-05-07 23:27:03.253 [main] TestBase - Navigated to: http://www.way2automation.com/angularjs-protractor/banking/#/login
[DEBUG] 2019-05-07 23:27:07.902 [main] TestBase - Inside Login Test
[DEBUG] 2019-05-07 23:27:10.388 [main] TestBase - Test execution completed !!!
[DEBUG] 2019-05-08 12:33:06.664 [main] TestBase - Config file loaded
[DEBUG] 2019-05-08 12:33:06.667 [main] TestBase - OR file loaded
[DEBUG] 2019-05-08 12:33:09.381 [main] TestBase - chrome lauched!!!
[DEBUG] 2019-05-08 12:33:11.664 [main] TestBase - Navigated to: http://www.way2automation.com/angularjs-protractor/banking/#/login
[DEBUG] 2019-05-08 12:33:16.289 [main] TestBase - Inside Login Test
[DEBUG] 2019-05-08 12:33:18.826 [main] TestBase - Test execution completed !!!
[DEBUG] 2019-05-08 12:36:26.168 [main] TestBase - Config file loaded
[DEBUG] 2019-05-08 12:36:26.171 [main] TestBase - OR file loaded
[DEBUG] 2019-05-08 12:36:28.852 [main] TestBase - chrome lauched!!!
[DEBUG] 2019-05-08 12:36:30.779 [main] TestBase - Navigated to: http://www.way2automation.com/angularjs-protractor/banking/#/login
[DEBUG] 2019-05-08 12:36:35.405 [main] TestBase - Inside Login Test
[DEBUG] 2019-05-08 12:36:37.685 [main] TestBase - Test execution completed !!!
[DEBUG] 2019-05-08 12:37:03.886 [main] TestBase - Config file loaded
[DEBUG] 2019-05-08 12:37:03.888 [main] TestBase - OR file loaded
[DEBUG] 2019-05-08 12:37:06.625 [main] TestBase - chrome lauched!!!
[DEBUG] 2019-05-08 12:37:08.522 [main] TestBase - Navigated to: http://www.way2automation.com/angularjs-protractor/banking/#/login
[DEBUG] 2019-05-08 12:37:13.117 [main] TestBase - Inside Login Test
[DEBUG] 2019-05-08 12:37:15.374 [main] TestBase - Test execution completed !!!
[DEBUG] 2019-05-08 12:37:49.587 [main] TestBase - Config file loaded
[DEBUG] 2019-05-08 12:37:49.590 [main] TestBase - OR file loaded
[DEBUG] 2019-05-08 12:37:52.262 [main] TestBase - chrome lauched!!!
[DEBUG] 2019-05-08 12:37:56.380 [main] TestBase - Navigated to: http://www.way2automation.com/angularjs-protractor/banking/#/login
[DEBUG] 2019-05-08 12:38:00.986 [main] TestBase - Inside Login Test
[DEBUG] 2019-05-08 12:38:03.333 [main] TestBase - Test execution completed !!!
[DEBUG] 2019-05-08 14:23:55.109 [main] TestBase - Config file loaded
[DEBUG] 2019-05-08 14:23:55.112 [main] TestBase - OR file loaded
[DEBUG] 2019-05-08 14:23:57.858 [main] TestBase - chrome lauched!!!
[DEBUG] 2019-05-08 14:23:59.596 [main] TestBase - Navigated to: http://www.way2automation.com/angularjs-protractor/banking/#/login
[DEBUG] 2019-05-08 14:24:04.145 [main] TestBase - Inside Login Test
[DEBUG] 2019-05-08 14:24:08.121 [main] TestBase - Test execution completed !!!
[DEBUG] 2019-05-08 14:26:41.934 [main] TestBase - Config file loaded
[DEBUG] 2019-05-08 14:26:41.937 [main] TestBase - OR file loaded
[DEBUG] 2019-05-08 14:26:44.611 [main] TestBase - chrome lauched!!!
[DEBUG] 2019-05-08 14:26:46.334 [main] TestBase - Navigated to: http://www.way2automation.com/angularjs-protractor/banking/#/login
[DEBUG] 2019-05-08 14:26:50.868 [main] TestBase - Inside Login Test
[DEBUG] 2019-05-08 14:26:54.641 [main] TestBase - Test execution completed !!!
[DEBUG] 2019-05-08 14:29:02.010 [main] TestBase - Config file loaded
[DEBUG] 2019-05-08 14:29:02.012 [main] TestBase - OR file loaded
[DEBUG] 2019-05-08 14:29:04.740 [main] TestBase - chrome lauched!!!
[DEBUG] 2019-05-08 14:29:06.472 [main] TestBase - Navigated to: http://www.way2automation.com/angularjs-protractor/banking/#/login
[DEBUG] 2019-05-08 14:29:10.972 [main] TestBase - Inside Login Test
[DEBUG] 2019-05-08 14:29:14.899 [main] TestBase - Test execution completed !!!
[DEBUG] 2019-05-08 14:30:35.768 [main] TestBase - Config file loaded
[DEBUG] 2019-05-08 14:30:35.771 [main] TestBase - OR file loaded
[DEBUG] 2019-05-08 14:30:38.437 [main] TestBase - chrome lauched!!!
[DEBUG] 2019-05-08 14:30:40.161 [main] TestBase - Navigated to: http://www.way2automation.com/angularjs-protractor/banking/#/login
[DEBUG] 2019-05-08 14:30:44.691 [main] TestBase - Inside Login Test
[DEBUG] 2019-05-08 14:30:59.325 [main] TestBase - Test execution completed !!!
[DEBUG] 2019-05-08 14:43:06.734 [main] TestBase - Config file loaded
[DEBUG] 2019-05-08 14:43:06.737 [main] TestBase - OR file loaded
[DEBUG] 2019-05-08 14:43:09.441 [main] TestBase - chrome lauched!!!
[DEBUG] 2019-05-08 14:43:11.165 [main] TestBase - Navigated to: http://www.way2automation.com/angularjs-protractor/banking/#/login
[DEBUG] 2019-05-08 14:43:15.748 [main] TestBase - Inside Login Test
[DEBUG] 2019-05-08 14:43:30.323 [main] TestBase - Test execution completed !!!
[DEBUG] 2019-05-08 22:02:36.461 [main] TestBase - Config file loaded
[DEBUG] 2019-05-08 22:02:36.464 [main] TestBase - OR file loaded
[DEBUG] 2019-05-08 22:02:39.399 [main] TestBase - chrome lauched!!!
[DEBUG] 2019-05-08 22:02:42.557 [main] TestBase - Navigated to: http://www.way2automation.com/angularjs-protractor/banking/#/login
[DEBUG] 2019-05-08 22:02:47.250 [main] TestBase - Inside Login Test
[DEBUG] 2019-05-08 22:03:03.416 [main] TestBase - Test execution completed !!!
[DEBUG] 2019-05-08 22:07:46.158 [main] TestBase - Config file loaded
[DEBUG] 2019-05-08 22:07:46.160 [main] TestBase - OR file loaded
[DEBUG] 2019-05-08 22:07:49.000 [main] TestBase - chrome lauched!!!
[DEBUG] 2019-05-08 22:07:50.907 [main] TestBase - Navigated to: http://www.way2automation.com/angularjs-protractor/banking/#/login
[DEBUG] 2019-05-08 22:07:55.553 [main] TestBase - Inside Login Test
[DEBUG] 2019-05-08 22:08:07.744 [main] TestBase - Test execution completed !!!
[DEBUG] 2019-05-08 22:51:17.480 [main] TestBase - Config file loaded
[DEBUG] 2019-05-08 22:51:17.487 [main] TestBase - OR file loaded
[DEBUG] 2019-05-08 22:51:22.865 [main] TestBase - chrome lauched!!!
[DEBUG] 2019-05-08 22:51:24.714 [main] TestBase - Navigated to: http://www.way2automation.com/angularjs-protractor/banking/#/login
[DEBUG] 2019-05-08 22:51:29.374 [main] TestBase - Inside Login Test
[DEBUG] 2019-05-08 22:51:44.910 [main] TestBase - Test execution completed !!!
[DEBUG] 2019-05-08 22:55:11.499 [main] TestBase - Config file loaded
[DEBUG] 2019-05-08 22:55:11.503 [main] TestBase - OR file loaded
[DEBUG] 2019-05-08 22:55:24.560 [main] TestBase - chrome lauched!!!
[DEBUG] 2019-05-08 22:55:27.083 [main] TestBase - Navigated to: http://www.way2automation.com/angularjs-protractor/banking/#/login
[DEBUG] 2019-05-08 22:55:29.316 [main] TestBase - Test execution completed !!!
[DEBUG] 2019-05-08 22:56:53.316 [main] TestBase - Config file loaded
[DEBUG] 2019-05-08 22:56:53.320 [main] TestBase - OR file loaded
[DEBUG] 2019-05-08 22:56:56.693 [main] TestBase - chrome lauched!!!
[DEBUG] 2019-05-08 22:56:58.512 [main] TestBase - Navigated to: http://www.way2automation.com/angularjs-protractor/banking/#/login
[DEBUG] 2019-05-08 22:57:00.753 [main] TestBase - Test execution completed !!!
[DEBUG] 2019-05-08 22:58:05.083 [main] TestBase - Config file loaded
[DEBUG] 2019-05-08 22:58:05.086 [main] TestBase - OR file loaded
[DEBUG] 2019-05-08 22:58:07.954 [main] TestBase - chrome lauched!!!
[DEBUG] 2019-05-08 22:58:09.836 [main] TestBase - Navigated to: http://www.way2automation.com/angularjs-protractor/banking/#/login
[DEBUG] 2019-05-08 22:58:14.004 [main] TestBase - Inside Login Test
[DEBUG] 2019-05-08 22:58:14.872 [main] TestBase - Test execution completed !!!
[DEBUG] 2019-05-08 22:58:43.451 [main] TestBase - Config file loaded
[DEBUG] 2019-05-08 22:58:43.455 [main] TestBase - OR file loaded
[DEBUG] 2019-05-08 22:58:46.328 [main] TestBase - chrome lauched!!!
[DEBUG] 2019-05-08 22:58:49.712 [main] TestBase - Navigated to: http://www.way2automation.com/angularjs-protractor/banking/#/login
[DEBUG] 2019-05-08 22:58:53.896 [main] TestBase - Inside Login Test
[DEBUG] 2019-05-08 23:02:30.340 [main] TestBase - Test execution completed !!!
[DEBUG] 2019-05-08 23:02:59.779 [main] TestBase - Config file loaded
[DEBUG] 2019-05-08 23:02:59.782 [main] TestBase - OR file loaded
[DEBUG] 2019-05-08 23:03:02.613 [main] TestBase - chrome lauched!!!
[DEBUG] 2019-05-08 23:03:04.521 [main] TestBase - Navigated to: http://www.way2automation.com/angularjs-protractor/banking/#/login
[DEBUG] 2019-05-08 23:03:08.720 [main] TestBase - Inside Login Test
[DEBUG] 2019-05-09 00:06:14.252 [main] TestBase - Config file loaded
[DEBUG] 2019-05-09 00:06:14.256 [main] TestBase - OR file loaded
[DEBUG] 2019-05-09 00:06:17.099 [main] TestBase - chrome lauched!!!
[DEBUG] 2019-05-09 00:06:19.484 [main] TestBase - Navigated to: http://www.way2automation.com/angularjs-protractor/banking/#/login
[DEBUG] 2019-05-09 00:06:23.688 [main] TestBase - Inside Login Test
[DEBUG] 2019-05-09 00:06:38.609 [main] TestBase - Test execution completed !!!
[DEBUG] 2019-05-09 00:28:03.149 [main] TestBase - Config file loaded
[DEBUG] 2019-05-09 00:28:03.152 [main] TestBase - OR file loaded
[DEBUG] 2019-05-09 00:28:05.913 [main] TestBase - chrome lauched!!!
[DEBUG] 2019-05-09 00:28:08.179 [main] TestBase - Navigated to: http://www.way2automation.com/angularjs-protractor/banking/#/login
[DEBUG] 2019-05-09 00:28:12.378 [main] TestBase - Inside Login Test
[DEBUG] 2019-05-09 00:28:25.330 [main] TestBase - Test execution completed !!!
[DEBUG] 2019-05-09 07:40:54.032 [main] TestBase - Config file loaded
[DEBUG] 2019-05-09 07:40:54.038 [main] TestBase - OR file loaded
[DEBUG] 2019-05-09 07:40:58.941 [main] TestBase - chrome lauched!!!
[DEBUG] 2019-05-09 07:41:01.306 [main] TestBase - Navigated to: http://www.way2automation.com/angularjs-protractor/banking/#/login
[DEBUG] 2019-05-09 07:41:05.519 [main] TestBase - Inside Login Test
[DEBUG] 2019-05-09 07:43:22.447 [main] TestBase - Test execution completed !!!
[DEBUG] 2019-05-09 07:50:42.890 [main] TestBase - Config file loaded
[DEBUG] 2019-05-09 07:50:42.893 [main] TestBase - OR file loaded
[DEBUG] 2019-05-09 07:50:45.772 [main] TestBase - chrome lauched!!!
[DEBUG] 2019-05-09 07:50:47.589 [main] TestBase - Navigated to: http://www.way2automation.com/angularjs-protractor/banking/#/login
[DEBUG] 2019-05-09 07:50:51.778 [main] TestBase - Inside Login Test
[DEBUG] 2019-05-09 07:51:04.724 [main] TestBase - Test execution completed !!!
[DEBUG] 2019-05-12 20:29:19.026 [main] TestBase - Config file loaded
[DEBUG] 2019-05-12 20:29:19.033 [main] TestBase - OR file loaded
[DEBUG] 2019-05-12 20:29:22.840 [main] TestBase - chrome lauched!!!
[DEBUG] 2019-05-12 20:29:25.149 [main] TestBase - Navigated to: http://www.way2automation.com/angularjs-protractor/banking/#/login
[DEBUG] 2019-05-12 20:29:29.336 [main] TestBase - Inside Login Test
[DEBUG] 2019-05-12 20:29:30.047 [main] TestBase - Test execution completed !!!
[DEBUG] 2019-05-12 20:35:08.164 [main] TestBase - Config file loaded
[DEBUG] 2019-05-12 20:35:08.168 [main] TestBase - OR file loaded
[DEBUG] 2019-05-12 20:35:10.968 [main] TestBase - chrome lauched!!!
[DEBUG] 2019-05-12 20:35:12.715 [main] TestBase - Navigated to: http://www.way2automation.com/angularjs-protractor/banking/#/login
[DEBUG] 2019-05-12 20:35:16.897 [main] TestBase - Inside Login Test
[DEBUG] 2019-05-12 20:35:17.614 [main] TestBase - Test execution completed !!!
[DEBUG] 2019-05-12 21:05:25.959 [main] TestBase - Config file loaded
[DEBUG] 2019-05-12 21:05:25.962 [main] TestBase - OR file loaded
[DEBUG] 2019-05-12 21:05:28.707 [main] TestBase - chrome lauched!!!
[DEBUG] 2019-05-12 21:05:31.026 [main] TestBase - Navigated to: http://www.way2automation.com/angularjs-protractor/banking/#/login
[DEBUG] 2019-05-12 21:05:35.211 [main] TestBase - Inside Login Test
[DEBUG] 2019-05-12 21:05:47.351 [main] TestBase - Test execution completed !!!
[DEBUG] 2019-05-12 21:07:20.977 [main] TestBase - Config file loaded
[DEBUG] 2019-05-12 21:07:20.980 [main] TestBase - OR file loaded
[DEBUG] 2019-05-12 21:07:23.688 [main] TestBase - chrome lauched!!!
[DEBUG] 2019-05-12 21:07:25.458 [main] TestBase - Navigated to: http://www.way2automation.com/angularjs-protractor/banking/#/login
[DEBUG] 2019-05-12 21:07:27.273 [main] TestBase - Test execution completed !!!
[DEBUG] 2019-05-12 21:09:14.667 [main] TestBase - Config file loaded
[DEBUG] 2019-05-12 21:09:14.669 [main] TestBase - OR file loaded
[DEBUG] 2019-05-12 21:09:17.376 [main] TestBase - chrome lauched!!!
[DEBUG] 2019-05-12 21:09:19.194 [main] TestBase - Navigated to: http://www.way2automation.com/angularjs-protractor/banking/#/login
[DEBUG] 2019-05-12 21:09:23.353 [main] TestBase - Inside Login Test
[DEBUG] 2019-05-12 21:09:34.926 [main] TestBase - Test execution completed !!!
[DEBUG] 2019-05-12 21:31:53.919 [main] TestBase - Config file loaded
[DEBUG] 2019-05-12 21:31:53.925 [main] TestBase - OR file loaded
[DEBUG] 2019-05-12 21:31:58.015 [main] TestBase - chrome lauched!!!
[DEBUG] 2019-05-12 21:31:59.733 [main] TestBase - Navigated to: http://www.way2automation.com/angularjs-protractor/banking/#/login
[DEBUG] 2019-05-12 21:32:03.899 [main] TestBase - Inside Login Test
[DEBUG] 2019-05-12 21:32:16.110 [main] TestBase - Test execution completed !!!
[DEBUG] 2019-05-12 21:41:46.668 [main] TestBase - Config file loaded
[DEBUG] 2019-05-12 21:41:46.671 [main] TestBase - OR file loaded
[DEBUG] 2019-05-12 21:41:49.373 [main] TestBase - chrome lauched!!!
[DEBUG] 2019-05-12 21:41:51.139 [main] TestBase - Navigated to: http://www.way2automation.com/angularjs-protractor/banking/#/login
[DEBUG] 2019-05-12 21:41:55.307 [main] TestBase - Inside Login Test
[DEBUG] 2019-05-12 21:42:07.490 [main] TestBase - Test execution completed !!!
[DEBUG] 2019-05-12 21:43:57.094 [main] TestBase - Config file loaded
[DEBUG] 2019-05-12 21:43:57.098 [main] TestBase - OR file loaded
[DEBUG] 2019-05-12 21:43:59.831 [main] TestBase - chrome lauched!!!
[DEBUG] 2019-05-12 21:44:02.034 [main] TestBase - Navigated to: http://www.way2automation.com/angularjs-protractor/banking/#/login
[DEBUG] 2019-05-12 21:44:06.196 [main] TestBase - Inside Login Test
[DEBUG] 2019-05-12 21:44:20.825 [main] TestBase - Test execution completed !!!
[DEBUG] 2019-05-12 21:49:39.553 [main] TestBase - Config file loaded
[DEBUG] 2019-05-12 21:49:39.556 [main] TestBase - OR file loaded
[DEBUG] 2019-05-12 21:49:42.294 [main] TestBase - chrome lauched!!!
[DEBUG] 2019-05-12 21:49:44.135 [main] TestBase - Navigated to: http://www.way2automation.com/angularjs-protractor/banking/#/login
[DEBUG] 2019-05-12 21:49:48.296 [main] TestBase - Inside Login Test
[DEBUG] 2019-05-12 21:50:03.047 [main] TestBase - Test execution completed !!!
[DEBUG] 2019-05-12 21:51:04.594 [main] TestBase - Config file loaded
[DEBUG] 2019-05-12 21:51:04.597 [main] TestBase - OR file loaded
[DEBUG] 2019-05-12 21:51:07.354 [main] TestBase - chrome lauched!!!
[DEBUG] 2019-05-12 21:51:09.199 [main] TestBase - Navigated to: http://www.way2automation.com/angularjs-protractor/banking/#/login
[DEBUG] 2019-05-12 21:51:13.380 [main] TestBase - Inside Login Test
[DEBUG] 2019-05-12 21:51:28.055 [main] TestBase - Test execution completed !!!
[DEBUG] 2019-05-12 21:52:24.617 [main] TestBase - Config file loaded
[DEBUG] 2019-05-12 21:52:24.621 [main] TestBase - OR file loaded
[DEBUG] 2019-05-12 21:52:27.387 [main] TestBase - chrome lauched!!!
[DEBUG] 2019-05-12 21:52:29.112 [main] TestBase - Navigated to: http://www.way2automation.com/angularjs-protractor/banking/#/login
[DEBUG] 2019-05-12 21:52:33.281 [main] TestBase - Inside Login Test
[DEBUG] 2019-05-12 21:52:33.628 [main] TestBase - Login successfully executed
[DEBUG] 2019-05-12 21:52:48.321 [main] TestBase - Test execution completed !!!
[DEBUG] 2019-05-12 21:55:39.993 [main] TestBase - Config file loaded
[DEBUG] 2019-05-12 21:55:39.996 [main] TestBase - OR file loaded
[DEBUG] 2019-05-12 21:55:42.742 [main] TestBase - chrome lauched!!!
[DEBUG] 2019-05-12 21:55:44.544 [main] TestBase - Navigated to: http://www.way2automation.com/angularjs-protractor/banking/#/login
[DEBUG] 2019-05-12 21:55:48.709 [main] TestBase - Inside Login Test
[DEBUG] 2019-05-12 21:55:49.116 [main] TestBase - Login successfully executed
[DEBUG] 2019-05-12 21:56:03.835 [main] TestBase - Test execution completed !!!
[DEBUG] 2019-05-12 22:22:58.887 [main] TestBase - Config file loaded
[DEBUG] 2019-05-12 22:22:58.892 [main] TestBase - OR file loaded
[DEBUG] 2019-05-12 22:23:02.004 [main] TestBase - chrome lauched!!!
[DEBUG] 2019-05-12 22:23:07.084 [main] TestBase - Navigated to: http://www.way2automation.com/angularjs-protractor/banking/#/login
[DEBUG] 2019-05-12 22:23:11.277 [main] TestBase - Inside Login Test
[DEBUG] 2019-05-12 22:23:11.641 [main] TestBase - Login successfully executed
[DEBUG] 2019-05-12 22:23:26.190 [main] TestBase - Test execution completed !!!
[DEBUG] 2019-05-12 22:29:17.485 [main] TestBase - Config file loaded
[DEBUG] 2019-05-12 22:29:17.488 [main] TestBase - OR file loaded
[DEBUG] 2019-05-12 22:29:20.231 [main] TestBase - chrome lauched!!!
[DEBUG] 2019-05-12 22:29:21.958 [main] TestBase - Navigated to: http://www.way2automation.com/angularjs-protractor/banking/#/login
[DEBUG] 2019-05-12 22:29:26.123 [main] TestBase - Inside Login Test
[DEBUG] 2019-05-12 22:29:26.483 [main] TestBase - Login successfully executed
[DEBUG] 2019-05-12 22:29:41.193 [main] TestBase - Test execution completed !!!
[DEBUG] 2019-05-12 22:30:42.170 [main] TestBase - Config file loaded
[DEBUG] 2019-05-12 22:30:42.173 [main] TestBase - OR file loaded
[DEBUG] 2019-05-12 22:30:44.925 [main] TestBase - chrome lauched!!!
[DEBUG] 2019-05-12 22:30:46.649 [main] TestBase - Navigated to: http://www.way2automation.com/angularjs-protractor/banking/#/login
[DEBUG] 2019-05-12 22:30:50.815 [main] TestBase - Inside Login Test
[DEBUG] 2019-05-12 22:30:51.198 [main] TestBase - Login successfully executed
[DEBUG] 2019-05-12 22:31:05.694 [main] TestBase - Test execution completed !!!
[DEBUG] 2019-05-12 22:38:21.762 [main] TestBase - Config file loaded
[DEBUG] 2019-05-12 22:38:21.765 [main] TestBase - OR file loaded
[DEBUG] 2019-05-12 22:38:24.458 [main] TestBase - chrome lauched!!!
[DEBUG] 2019-05-12 22:38:26.707 [main] TestBase - Navigated to: http://www.way2automation.com/angularjs-protractor/banking/#/login
[DEBUG] 2019-05-12 22:38:31.036 [main] TestBase - Inside Login Test
[DEBUG] 2019-05-12 22:38:31.407 [main] TestBase - Login successfully executed
[DEBUG] 2019-05-12 22:38:45.708 [main] TestBase - Test execution completed !!!
[DEBUG] 2019-05-12 22:48:51.988 [main] TestBase - Config file loaded
[DEBUG] 2019-05-12 22:48:51.992 [main] TestBase - OR file loaded
[DEBUG] 2019-05-12 22:48:54.745 [main] TestBase - chrome lauched!!!
[DEBUG] 2019-05-12 22:48:56.478 [main] TestBase - Navigated to: http://www.way2automation.com/angularjs-protractor/banking/#/login
[DEBUG] 2019-05-12 22:49:00.637 [main] TestBase - Inside Login Test
[DEBUG] 2019-05-12 22:49:01.010 [main] TestBase - Login successfully executed
[DEBUG] 2019-05-12 22:49:15.423 [main] TestBase - Test execution completed !!!
[DEBUG] 2019-05-12 22:57:05.662 [main] TestBase - Config file loaded
[DEBUG] 2019-05-12 22:57:05.668 [main] TestBase - OR file loaded
[DEBUG] 2019-05-12 22:57:09.221 [main] TestBase - chrome lauched!!!
[DEBUG] 2019-05-12 22:57:10.915 [main] TestBase - Navigated to: http://www.way2automation.com/angularjs-protractor/banking/#/login
[DEBUG] 2019-05-12 22:57:15.089 [main] TestBase - Inside Login Test
[DEBUG] 2019-05-12 22:57:15.472 [main] TestBase - Login successfully executed
[DEBUG] 2019-05-12 22:57:29.724 [main] TestBase - Test execution completed !!!
[DEBUG] 2019-05-12 23:05:01.288 [main] TestBase - Config file loaded
[DEBUG] 2019-05-12 23:05:01.291 [main] TestBase - OR file loaded
[DEBUG] 2019-05-12 23:05:04.008 [main] TestBase - chrome lauched!!!
[DEBUG] 2019-05-12 23:05:05.761 [main] TestBase - Navigated to: http://www.way2automation.com/angularjs-protractor/banking/#/login
[DEBUG] 2019-05-12 23:05:09.932 [main] TestBase - Inside Login Test
[DEBUG] 2019-05-12 23:05:10.283 [main] TestBase - Login successfully executed
[DEBUG] 2019-05-12 23:05:24.553 [main] TestBase - Test execution completed !!!
[DEBUG] 2019-05-12 23:23:02.012 [main] TestBase - Config file loaded
[DEBUG] 2019-05-12 23:23:02.015 [main] TestBase - OR file loaded
[DEBUG] 2019-05-12 23:23:04.786 [main] TestBase - chrome lauched!!!
[DEBUG] 2019-05-12 23:23:06.495 [main] TestBase - Navigated to: http://www.way2automation.com/angularjs-protractor/banking/#/login
[DEBUG] 2019-05-12 23:24:09.287 [main] TestBase - Test execution completed !!!
[DEBUG] 2019-05-12 23:24:18.791 [main] TestBase - Config file loaded
[DEBUG] 2019-05-12 23:24:18.794 [main] TestBase - OR file loaded
[DEBUG] 2019-05-12 23:24:21.566 [main] TestBase - chrome lauched!!!
[DEBUG] 2019-05-12 23:24:23.318 [main] TestBase - Navigated to: http://www.way2automation.com/angularjs-protractor/banking/#/login
[DEBUG] 2019-05-12 23:25:07.537 [main] TestBase - Config file loaded
[DEBUG] 2019-05-12 23:25:07.540 [main] TestBase - OR file loaded
[DEBUG] 2019-05-12 23:25:10.340 [main] TestBase - chrome lauched!!!
[DEBUG] 2019-05-12 23:25:12.078 [main] TestBase - Navigated to: http://www.way2automation.com/angularjs-protractor/banking/#/login
[DEBUG] 2019-05-12 23:25:54.230 [main] TestBase - Test execution completed !!!
[DEBUG] 2019-05-12 23:44:33.820 [main] TestBase - Config file loaded
[DEBUG] 2019-05-12 23:44:33.824 [main] TestBase - OR file loaded
[DEBUG] 2019-05-12 23:44:36.686 [main] TestBase - chrome lauched!!!
[DEBUG] 2019-05-12 23:44:38.428 [main] TestBase - Navigated to: http://www.way2automation.com/angularjs-protractor/banking/#/login
[DEBUG] 2019-05-12 23:45:20.467 [main] TestBase - Test execution completed !!!
[DEBUG] 2019-05-12 23:46:22.815 [main] TestBase - Config file loaded
[DEBUG] 2019-05-12 23:46:22.818 [main] TestBase - OR file loaded
[DEBUG] 2019-05-12 23:46:25.598 [main] TestBase - chrome lauched!!!
[DEBUG] 2019-05-12 23:46:27.348 [main] TestBase - Navigated to: http://www.way2automation.com/angularjs-protractor/banking/#/login
[DEBUG] 2019-05-12 23:48:06.977 [main] TestBase - Config file loaded
[DEBUG] 2019-05-12 23:48:06.981 [main] TestBase - OR file loaded
[DEBUG] 2019-05-12 23:48:09.735 [main] TestBase - chrome lauched!!!
[DEBUG] 2019-05-12 23:48:11.445 [main] TestBase - Navigated to: http://www.way2automation.com/angularjs-protractor/banking/#/login
[DEBUG] 2019-05-12 23:48:15.996 [main] TestBase - Inside Login Test
[DEBUG] 2019-05-12 23:48:27.574 [main] TestBase - Login successfully executed
[DEBUG] 2019-05-12 23:51:47.298 [main] TestBase - Config file loaded
[DEBUG] 2019-05-12 23:51:47.302 [main] TestBase - OR file loaded
[DEBUG] 2019-05-12 23:51:50.229 [main] TestBase - chrome lauched!!!
[DEBUG] 2019-05-12 23:51:51.986 [main] TestBase - Navigated to: http://www.way2automation.com/angularjs-protractor/banking/#/login
[DEBUG] 2019-05-12 23:51:56.571 [main] TestBase - Inside Login Test
[DEBUG] 2019-05-12 23:51:57.235 [main] TestBase - Login successfully executed
[DEBUG] 2019-05-12 23:53:32.791 [main] TestBase - Config file loaded
[DEBUG] 2019-05-12 23:53:32.794 [main] TestBase - OR file loaded
[DEBUG] 2019-05-12 23:53:35.575 [main] TestBase - chrome lauched!!!
[DEBUG] 2019-05-12 23:53:37.376 [main] TestBase - Navigated to: http://www.way2automation.com/angularjs-protractor/banking/#/login
[DEBUG] 2019-05-12 23:53:41.919 [main] TestBase - Inside Login Test
[DEBUG] 2019-05-12 23:53:42.283 [main] TestBase - Login successfully executed
[DEBUG] 2019-05-12 23:55:01.922 [main] TestBase - Config file loaded
[DEBUG] 2019-05-12 23:55:01.926 [main] TestBase - OR file loaded
[DEBUG] 2019-05-12 23:55:04.674 [main] TestBase - chrome lauched!!!
[DEBUG] 2019-05-12 23:55:06.419 [main] TestBase - Navigated to: http://www.way2automation.com/angularjs-protractor/banking/#/login
[DEBUG] 2019-05-12 23:55:11.007 [main] TestBase - Inside Login Test
[DEBUG] 2019-05-12 23:55:11.388 [main] TestBase - Login successfully executed
[DEBUG] 2019-05-12 23:56:22.527 [main] TestBase - Test execution completed !!!
[DEBUG] 2019-05-13 00:02:04.655 [main] TestBase - Config file loaded
[DEBUG] 2019-05-13 00:02:04.658 [main] TestBase - OR file loaded
[DEBUG] 2019-05-13 00:02:07.450 [main] TestBase - chrome lauched!!!
[DEBUG] 2019-05-13 00:02:09.167 [main] TestBase - Navigated to: http://www.way2automation.com/angularjs-protractor/banking/#/login
[DEBUG] 2019-05-13 00:02:13.769 [main] TestBase - Inside Login Test
[DEBUG] 2019-05-13 00:02:14.168 [main] TestBase - Login successfully executed
[DEBUG] 2019-05-13 00:03:32.408 [main] TestBase - Test execution completed !!!
[DEBUG] 2019-05-13 00:04:11.451 [main] TestBase - Config file loaded
[DEBUG] 2019-05-13 00:04:11.456 [main] TestBase - OR file loaded
[DEBUG] 2019-05-13 00:04:14.263 [main] TestBase - chrome lauched!!!
[DEBUG] 2019-05-13 00:04:15.976 [main] TestBase - Navigated to: http://www.way2automation.com/angularjs-protractor/banking/#/login
[DEBUG] 2019-05-13 00:04:20.596 [main] TestBase - Inside Login Test
[DEBUG] 2019-05-13 00:04:20.990 [main] TestBase - Login successfully executed
[DEBUG] 2019-05-13 00:05:38.849 [main] TestBase - Config file loaded
[DEBUG] 2019-05-13 00:05:38.852 [main] TestBase - OR file loaded
[DEBUG] 2019-05-13 00:05:41.646 [main] TestBase - chrome lauched!!!
[DEBUG] 2019-05-13 00:05:43.368 [main] TestBase - Navigated to: http://www.way2automation.com/angularjs-protractor/banking/#/login
[DEBUG] 2019-05-13 00:05:47.918 [main] TestBase - Inside Login Test
[DEBUG] 2019-05-13 00:05:48.270 [main] TestBase - Login successfully executed
[DEBUG] 2019-05-13 00:06:50.389 [main] TestBase - Test execution completed !!!
[DEBUG] 2019-05-13 00:08:31.166 [main] TestBase - Config file loaded
[DEBUG] 2019-05-13 00:08:31.170 [main] TestBase - OR file loaded
[DEBUG] 2019-05-13 00:08:33.922 [main] TestBase - chrome lauched!!!
[DEBUG] 2019-05-13 00:08:35.637 [main] TestBase - Navigated to: http://www.way2automation.com/angularjs-protractor/banking/#/login
[DEBUG] 2019-05-13 00:08:40.154 [main] TestBase - Inside Login Test
[DEBUG] 2019-05-13 00:08:40.500 [main] TestBase - Login successfully executed
[DEBUG] 2019-05-13 00:09:03.723 [main] TestBase - Test execution completed !!!
